Analysis & Synthesis report for lab3
Thu Jul 13 15:33:55 2023
Quartus II 64-Bit Version 13.0.1 Build 232 06/12/2013 Service Pack 1 SJ Web Edition


---------------------
; Table of Contents ;
---------------------
  1. Legal Notice
  2. Analysis & Synthesis Summary
  3. Analysis & Synthesis Settings
  4. Parallel Compilation
  5. Analysis & Synthesis Source Files Read
  6. Analysis & Synthesis Resource Usage Summary
  7. Analysis & Synthesis Resource Utilization by Entity
  8. General Register Statistics
  9. Port Connectivity Checks: "eightBitComparator:comp|oneBitComparator:comp7"
 10. Port Connectivity Checks: "eightBitComparator:comp"
 11. Port Connectivity Checks: "eightBitAddSub:addSub"
 12. Elapsed Time Per Partition
 13. Analysis & Synthesis Messages



----------------
; Legal Notice ;
----------------
Copyright (C) 1991-2013 Altera Corporation
Your use of Altera Corporation's design tools, logic functions 
and other software and tools, and its AMPP partner logic 
functions, and any output files from any of the foregoing 
(including device programming or simulation files), and any 
associated documentation or information are expressly subject 
to the terms and conditions of the Altera Program License 
Subscription Agreement, Altera MegaCore Function License 
Agreement, or other applicable license agreement, including, 
without limitation, that your use is for the sole purpose of 
programming logic devices manufactured by Altera and sold by 
Altera or its authorized distributors.  Please refer to the 
applicable agreement for further details.



+--------------------------------------------------------------------------------------+
; Analysis & Synthesis Summary                                                         ;
+------------------------------------+-------------------------------------------------+
; Analysis & Synthesis Status        ; Successful - Thu Jul 13 15:33:55 2023           ;
; Quartus II 64-Bit Version          ; 13.0.1 Build 232 06/12/2013 SP 1 SJ Web Edition ;
; Revision Name                      ; lab3                                            ;
; Top-level Entity Name              ; alu                                             ;
; Family                             ; Cyclone IV E                                    ;
; Total logic elements               ; 55                                              ;
;     Total combinational functions  ; 55                                              ;
;     Dedicated logic registers      ; 0                                               ;
; Total registers                    ; 0                                               ;
; Total pins                         ; 28                                              ;
; Total virtual pins                 ; 0                                               ;
; Total memory bits                  ; 0                                               ;
; Embedded Multiplier 9-bit elements ; 0                                               ;
; Total PLLs                         ; 0                                               ;
+------------------------------------+-------------------------------------------------+


+----------------------------------------------------------------------------------------------------------------------+
; Analysis & Synthesis Settings                                                                                        ;
+----------------------------------------------------------------------------+--------------------+--------------------+
; Option                                                                     ; Setting            ; Default Value      ;
+----------------------------------------------------------------------------+--------------------+--------------------+
; Device                                                                     ; EP4CE115F29C7      ;                    ;
; Top-level entity name                                                      ; alu                ; lab3               ;
; Family name                                                                ; Cyclone IV E       ; Cyclone IV GX      ;
; Use smart compilation                                                      ; Off                ; Off                ;
; Enable parallel Assembler and TimeQuest Timing Analyzer during compilation ; On                 ; On                 ;
; Enable compact report table                                                ; Off                ; Off                ;
; Restructure Multiplexers                                                   ; Auto               ; Auto               ;
; Create Debugging Nodes for IP Cores                                        ; Off                ; Off                ;
; Preserve fewer node names                                                  ; On                 ; On                 ;
; Disable OpenCore Plus hardware evaluation                                  ; Off                ; Off                ;
; Verilog Version                                                            ; Verilog_2001       ; Verilog_2001       ;
; VHDL Version                                                               ; VHDL_1993          ; VHDL_1993          ;
; State Machine Processing                                                   ; Auto               ; Auto               ;
; Safe State Machine                                                         ; Off                ; Off                ;
; Extract Verilog State Machines                                             ; On                 ; On                 ;
; Extract VHDL State Machines                                                ; On                 ; On                 ;
; Ignore Verilog initial constructs                                          ; Off                ; Off                ;
; Iteration limit for constant Verilog loops                                 ; 5000               ; 5000               ;
; Iteration limit for non-constant Verilog loops                             ; 250                ; 250                ;
; Add Pass-Through Logic to Inferred RAMs                                    ; On                 ; On                 ;
; Infer RAMs from Raw Logic                                                  ; On                 ; On                 ;
; Parallel Synthesis                                                         ; On                 ; On                 ;
; DSP Block Balancing                                                        ; Auto               ; Auto               ;
; NOT Gate Push-Back                                                         ; On                 ; On                 ;
; Power-Up Don't Care                                                        ; On                 ; On                 ;
; Remove Redundant Logic Cells                                               ; Off                ; Off                ;
; Remove Duplicate Registers                                                 ; On                 ; On                 ;
; Ignore CARRY Buffers                                                       ; Off                ; Off                ;
; Ignore CASCADE Buffers                                                     ; Off                ; Off                ;
; Ignore GLOBAL Buffers                                                      ; Off                ; Off                ;
; Ignore ROW GLOBAL Buffers                                                  ; Off                ; Off                ;
; Ignore LCELL Buffers                                                       ; Off                ; Off                ;
; Ignore SOFT Buffers                                                        ; On                 ; On                 ;
; Limit AHDL Integers to 32 Bits                                             ; Off                ; Off                ;
; Optimization Technique                                                     ; Balanced           ; Balanced           ;
; Carry Chain Length                                                         ; 70                 ; 70                 ;
; Auto Carry Chains                                                          ; On                 ; On                 ;
; Auto Open-Drain Pins                                                       ; On                 ; On                 ;
; Perform WYSIWYG Primitive Resynthesis                                      ; Off                ; Off                ;
; Auto ROM Replacement                                                       ; On                 ; On                 ;
; Auto RAM Replacement                                                       ; On                 ; On                 ;
; Auto DSP Block Replacement                                                 ; On                 ; On                 ;
; Auto Shift Register Replacement                                            ; Auto               ; Auto               ;
; Allow Shift Register Merging across Hierarchies                            ; Auto               ; Auto               ;
; Auto Clock Enable Replacement                                              ; On                 ; On                 ;
; Strict RAM Replacement                                                     ; Off                ; Off                ;
; Allow Synchronous Control Signals                                          ; On                 ; On                 ;
; Force Use of Synchronous Clear Signals                                     ; Off                ; Off                ;
; Auto RAM Block Balancing                                                   ; On                 ; On                 ;
; Auto RAM to Logic Cell Conversion                                          ; Off                ; Off                ;
; Auto Resource Sharing                                                      ; Off                ; Off                ;
; Allow Any RAM Size For Recognition                                         ; Off                ; Off                ;
; Allow Any ROM Size For Recognition                                         ; Off                ; Off                ;
; Allow Any Shift Register Size For Recognition                              ; Off                ; Off                ;
; Use LogicLock Constraints during Resource Balancing                        ; On                 ; On                 ;
; Ignore translate_off and synthesis_off directives                          ; Off                ; Off                ;
; Timing-Driven Synthesis                                                    ; On                 ; On                 ;
; Report Parameter Settings                                                  ; On                 ; On                 ;
; Report Source Assignments                                                  ; On                 ; On                 ;
; Report Connectivity Checks                                                 ; On                 ; On                 ;
; Ignore Maximum Fan-Out Assignments                                         ; Off                ; Off                ;
; Synchronization Register Chain Length                                      ; 2                  ; 2                  ;
; PowerPlay Power Optimization                                               ; Normal compilation ; Normal compilation ;
; HDL message level                                                          ; Level2             ; Level2             ;
; Suppress Register Optimization Related Messages                            ; Off                ; Off                ;
; Number of Removed Registers Reported in Synthesis Report                   ; 5000               ; 5000               ;
; Number of Swept Nodes Reported in Synthesis Report                         ; 5000               ; 5000               ;
; Number of Inverted Registers Reported in Synthesis Report                  ; 100                ; 100                ;
; Clock MUX Protection                                                       ; On                 ; On                 ;
; Auto Gated Clock Conversion                                                ; Off                ; Off                ;
; Block Design Naming                                                        ; Auto               ; Auto               ;
; SDC constraint protection                                                  ; Off                ; Off                ;
; Synthesis Effort                                                           ; Auto               ; Auto               ;
; Shift Register Replacement - Allow Asynchronous Clear Signal               ; On                 ; On                 ;
; Pre-Mapping Resynthesis Optimization                                       ; Off                ; Off                ;
; Analysis & Synthesis Message Level                                         ; Medium             ; Medium             ;
; Disable Register Merging Across Hierarchies                                ; Auto               ; Auto               ;
; Resource Aware Inference For Block RAM                                     ; On                 ; On                 ;
; Synthesis Seed                                                             ; 1                  ; 1                  ;
+----------------------------------------------------------------------------+--------------------+--------------------+


Parallel compilation was disabled, but you have multiple processors available. Enable parallel compilation to reduce compilation time.
+-------------------------------------+
; Parallel Compilation                ;
+----------------------------+--------+
; Processors                 ; Number ;
+----------------------------+--------+
; Number detected on machine ; 6      ;
; Maximum allowed            ; 1      ;
+----------------------------+--------+


+-------------------------------------------------------------------------------------------------------------------------------------------------------------+
; Analysis & Synthesis Source Files Read                                                                                                                      ;
+----------------------------------+-----------------+-----------------+----------------------------------------------------------------------------+---------+
; File Name with User-Entered Path ; Used in Netlist ; File Type       ; File Name with Absolute Path                                               ; Library ;
+----------------------------------+-----------------+-----------------+----------------------------------------------------------------------------+---------+
; Work/oneBit5to1Mux.vhd           ; yes             ; User VHDL File  ; D:/1-Quartus_Projects/CEG-3156/CEG-3156-Lab-3/Work/oneBit5to1Mux.vhd       ;         ;
; Work/eightBitComparator.vhd      ; yes             ; User VHDL File  ; D:/1-Quartus_Projects/CEG-3156/CEG-3156-Lab-3/Work/eightBitComparator.vhd  ;         ;
; Work/eightBitAddSub.vhd          ; yes             ; User VHDL File  ; D:/1-Quartus_Projects/CEG-3156/CEG-3156-Lab-3/Work/eightBitAddSub.vhd      ;         ;
; Work/eightBit5to1Mux.vhd         ; yes             ; User VHDL File  ; D:/1-Quartus_Projects/CEG-3156/CEG-3156-Lab-3/Work/eightBit5to1Mux.vhd     ;         ;
; Work/alu.vhd                     ; yes             ; User VHDL File  ; D:/1-Quartus_Projects/CEG-3156/CEG-3156-Lab-3/Work/alu.vhd                 ;         ;
; Imports/onebitcomparator.vhd     ; yes             ; User VHDL File  ; D:/1-Quartus_Projects/CEG-3156/CEG-3156-Lab-3/Imports/onebitcomparator.vhd ;         ;
; Imports/onebitadder.vhd          ; yes             ; User VHDL File  ; D:/1-Quartus_Projects/CEG-3156/CEG-3156-Lab-3/Imports/onebitadder.vhd      ;         ;
+----------------------------------+-----------------+-----------------+----------------------------------------------------------------------------+---------+


+-----------------------------------------------------------+
; Analysis & Synthesis Resource Usage Summary               ;
+---------------------------------------------+-------------+
; Resource                                    ; Usage       ;
+---------------------------------------------+-------------+
; Estimated Total logic elements              ; 55          ;
;                                             ;             ;
; Total combinational functions               ; 55          ;
; Logic element usage by number of LUT inputs ;             ;
;     -- 4 input functions                    ; 44          ;
;     -- 3 input functions                    ; 8           ;
;     -- <=2 input functions                  ; 3           ;
;                                             ;             ;
; Logic elements by mode                      ;             ;
;     -- normal mode                          ; 55          ;
;     -- arithmetic mode                      ; 0           ;
;                                             ;             ;
; Total registers                             ; 0           ;
;     -- Dedicated logic registers            ; 0           ;
;     -- I/O registers                        ; 0           ;
;                                             ;             ;
; I/O pins                                    ; 28          ;
; Embedded Multiplier 9-bit elements          ; 0           ;
; Maximum fan-out node                        ; Op[0]~input ;
; Maximum fan-out                             ; 28          ;
; Total fan-out                               ; 243         ;
; Average fan-out                             ; 2.19        ;
+---------------------------------------------+-------------+


+-----------------------------------------------------------------------------------------------------------------------------------------------------------------------------------------------------------------+
; Analysis & Synthesis Resource Utilization by Entity                                                                                                                                                             ;
+--------------------------------+-------------------+--------------+-------------+--------------+---------+-----------+------+--------------+-----------------------------------------------------+--------------+
; Compilation Hierarchy Node     ; LC Combinationals ; LC Registers ; Memory Bits ; DSP Elements ; DSP 9x9 ; DSP 18x18 ; Pins ; Virtual Pins ; Full Hierarchy Name                                 ; Library Name ;
+--------------------------------+-------------------+--------------+-------------+--------------+---------+-----------+------+--------------+-----------------------------------------------------+--------------+
; |alu                           ; 55 (0)            ; 0 (0)        ; 0           ; 0            ; 0       ; 0         ; 28   ; 0            ; |alu                                                ; work         ;
;    |eightBit5to1Mux:mux|       ; 25 (0)            ; 0 (0)        ; 0           ; 0            ; 0       ; 0         ; 0    ; 0            ; |alu|eightBit5to1Mux:mux                            ; work         ;
;       |oneBit5to1Mux:mux0|     ; 5 (5)             ; 0 (0)        ; 0           ; 0            ; 0       ; 0         ; 0    ; 0            ; |alu|eightBit5to1Mux:mux|oneBit5to1Mux:mux0         ; work         ;
;       |oneBit5to1Mux:mux1|     ; 3 (3)             ; 0 (0)        ; 0           ; 0            ; 0       ; 0         ; 0    ; 0            ; |alu|eightBit5to1Mux:mux|oneBit5to1Mux:mux1         ; work         ;
;       |oneBit5to1Mux:mux2|     ; 3 (3)             ; 0 (0)        ; 0           ; 0            ; 0       ; 0         ; 0    ; 0            ; |alu|eightBit5to1Mux:mux|oneBit5to1Mux:mux2         ; work         ;
;       |oneBit5to1Mux:mux3|     ; 3 (3)             ; 0 (0)        ; 0           ; 0            ; 0       ; 0         ; 0    ; 0            ; |alu|eightBit5to1Mux:mux|oneBit5to1Mux:mux3         ; work         ;
;       |oneBit5to1Mux:mux4|     ; 3 (3)             ; 0 (0)        ; 0           ; 0            ; 0       ; 0         ; 0    ; 0            ; |alu|eightBit5to1Mux:mux|oneBit5to1Mux:mux4         ; work         ;
;       |oneBit5to1Mux:mux5|     ; 3 (3)             ; 0 (0)        ; 0           ; 0            ; 0       ; 0         ; 0    ; 0            ; |alu|eightBit5to1Mux:mux|oneBit5to1Mux:mux5         ; work         ;
;       |oneBit5to1Mux:mux6|     ; 2 (2)             ; 0 (0)        ; 0           ; 0            ; 0       ; 0         ; 0    ; 0            ; |alu|eightBit5to1Mux:mux|oneBit5to1Mux:mux6         ; work         ;
;       |oneBit5to1Mux:mux7|     ; 3 (3)             ; 0 (0)        ; 0           ; 0            ; 0       ; 0         ; 0    ; 0            ; |alu|eightBit5to1Mux:mux|oneBit5to1Mux:mux7         ; work         ;
;    |eightBitAddSub:addSub|     ; 19 (4)            ; 0 (0)        ; 0           ; 0            ; 0       ; 0         ; 0    ; 0            ; |alu|eightBitAddSub:addSub                          ; work         ;
;       |oneBitAdder:add0|       ; 2 (2)             ; 0 (0)        ; 0           ; 0            ; 0       ; 0         ; 0    ; 0            ; |alu|eightBitAddSub:addSub|oneBitAdder:add0         ; work         ;
;       |oneBitAdder:add1|       ; 2 (2)             ; 0 (0)        ; 0           ; 0            ; 0       ; 0         ; 0    ; 0            ; |alu|eightBitAddSub:addSub|oneBitAdder:add1         ; work         ;
;       |oneBitAdder:add2|       ; 2 (2)             ; 0 (0)        ; 0           ; 0            ; 0       ; 0         ; 0    ; 0            ; |alu|eightBitAddSub:addSub|oneBitAdder:add2         ; work         ;
;       |oneBitAdder:add3|       ; 2 (2)             ; 0 (0)        ; 0           ; 0            ; 0       ; 0         ; 0    ; 0            ; |alu|eightBitAddSub:addSub|oneBitAdder:add3         ; work         ;
;       |oneBitAdder:add4|       ; 2 (2)             ; 0 (0)        ; 0           ; 0            ; 0       ; 0         ; 0    ; 0            ; |alu|eightBitAddSub:addSub|oneBitAdder:add4         ; work         ;
;       |oneBitAdder:add5|       ; 2 (2)             ; 0 (0)        ; 0           ; 0            ; 0       ; 0         ; 0    ; 0            ; |alu|eightBitAddSub:addSub|oneBitAdder:add5         ; work         ;
;       |oneBitAdder:add6|       ; 2 (2)             ; 0 (0)        ; 0           ; 0            ; 0       ; 0         ; 0    ; 0            ; |alu|eightBitAddSub:addSub|oneBitAdder:add6         ; work         ;
;       |oneBitAdder:add7|       ; 1 (1)             ; 0 (0)        ; 0           ; 0            ; 0       ; 0         ; 0    ; 0            ; |alu|eightBitAddSub:addSub|oneBitAdder:add7         ; work         ;
;    |eightBitComparator:comp|   ; 11 (0)            ; 0 (0)        ; 0           ; 0            ; 0       ; 0         ; 0    ; 0            ; |alu|eightBitComparator:comp                        ; work         ;
;       |oneBitComparator:comp1| ; 1 (1)             ; 0 (0)        ; 0           ; 0            ; 0       ; 0         ; 0    ; 0            ; |alu|eightBitComparator:comp|oneBitComparator:comp1 ; work         ;
;       |oneBitComparator:comp2| ; 6 (6)             ; 0 (0)        ; 0           ; 0            ; 0       ; 0         ; 0    ; 0            ; |alu|eightBitComparator:comp|oneBitComparator:comp2 ; work         ;
;       |oneBitComparator:comp5| ; 4 (4)             ; 0 (0)        ; 0           ; 0            ; 0       ; 0         ; 0    ; 0            ; |alu|eightBitComparator:comp|oneBitComparator:comp5 ; work         ;
+--------------------------------+-------------------+--------------+-------------+--------------+---------+-----------+------+--------------+-----------------------------------------------------+--------------+
Note: For table entries with two numbers listed, the numbers in parentheses indicate the number of resources of the given type used by the specific entity alone. The numbers listed outside of parentheses indicate the total resources of the given type used by the specific entity and all of its sub-entities in the hierarchy.


+------------------------------------------------------+
; General Register Statistics                          ;
+----------------------------------------------+-------+
; Statistic                                    ; Value ;
+----------------------------------------------+-------+
; Total registers                              ; 0     ;
; Number of registers using Synchronous Clear  ; 0     ;
; Number of registers using Synchronous Load   ; 0     ;
; Number of registers using Asynchronous Clear ; 0     ;
; Number of registers using Asynchronous Load  ; 0     ;
; Number of registers using Clock Enable       ; 0     ;
; Number of registers using Preset             ; 0     ;
+----------------------------------------------+-------+


+----------------------------------------------------------------------------+
; Port Connectivity Checks: "eightBitComparator:comp|oneBitComparator:comp7" ;
+--------------+-------+----------+------------------------------------------+
; Port         ; Type  ; Severity ; Details                                  ;
+--------------+-------+----------+------------------------------------------+
; i_gtprevious ; Input ; Info     ; Stuck at GND                             ;
; i_ltprevious ; Input ; Info     ; Stuck at GND                             ;
+--------------+-------+----------+------------------------------------------+


+----------------------------------------------------------------------------------------------------------------+
; Port Connectivity Checks: "eightBitComparator:comp"                                                            ;
+------+--------+----------+-------------------------------------------------------------------------------------+
; Port ; Type   ; Severity ; Details                                                                             ;
+------+--------+----------+-------------------------------------------------------------------------------------+
; o_gt ; Output ; Info     ; Connected to dangling logic. Logic that only feeds a dangling port will be removed. ;
; o_eq ; Output ; Info     ; Connected to dangling logic. Logic that only feeds a dangling port will be removed. ;
+------+--------+----------+-------------------------------------------------------------------------------------+


+----------------------------------------------------------------------------------------------------------------------+
; Port Connectivity Checks: "eightBitAddSub:addSub"                                                                    ;
+------------+--------+----------+-------------------------------------------------------------------------------------+
; Port       ; Type   ; Severity ; Details                                                                             ;
+------------+--------+----------+-------------------------------------------------------------------------------------+
; o_carryout ; Output ; Info     ; Connected to dangling logic. Logic that only feeds a dangling port will be removed. ;
+------------+--------+----------+-------------------------------------------------------------------------------------+


+-------------------------------+
; Elapsed Time Per Partition    ;
+----------------+--------------+
; Partition Name ; Elapsed Time ;
+----------------+--------------+
; Top            ; 00:00:01     ;
+----------------+--------------+


+-------------------------------+
; Analysis & Synthesis Messages ;
+-------------------------------+
Info: *******************************************************************
Info: Running Quartus II 64-Bit Analysis & Synthesis
    Info: Version 13.0.1 Build 232 06/12/2013 Service Pack 1 SJ Web Edition
    Info: Processing started: Thu Jul 13 15:33:52 2023
Info: Command: quartus_map --read_settings_files=on --write_settings_files=off lab3 -c lab3
Warning (20028): Parallel compilation is not licensed and has been disabled
Info (12021): Found 2 design units, including 1 entities, in source file work/threebit2to1mux.vhd
    Info (12022): Found design unit 1: threeBit2to1Mux-struct
    Info (12023): Found entity 1: threeBit2to1Mux
Info (12021): Found 2 design units, including 1 entities, in source file work/three_to_eight_decoder.vhd
    Info (12022): Found design unit 1: three_to_eight_decoder-rtl
    Info (12023): Found entity 1: three_to_eight_decoder
Info (12021): Found 2 design units, including 1 entities, in source file work/thirtytwobitadder.vhd
    Info (12022): Found design unit 1: thirtyTwoBitAdder-rtl
    Info (12023): Found entity 1: thirtyTwoBitAdder
Info (12021): Found 2 design units, including 1 entities, in source file work/singlecycleprocessor.vhd
    Info (12022): Found design unit 1: singleCycleProcessor-rtl
    Info (12023): Found entity 1: singleCycleProcessor
Info (12021): Found 2 design units, including 1 entities, in source file work/shiftleft2_eightbits.vhd
    Info (12022): Found design unit 1: shiftLeft2_eightBits-struct
    Info (12023): Found entity 1: shiftLeft2_eightBits
Info (12021): Found 2 design units, including 1 entities, in source file work/shiftleft2.vhd
    Info (12022): Found design unit 1: shiftLeft2-struct
    Info (12023): Found entity 1: shiftLeft2
Info (12021): Found 2 design units, including 1 entities, in source file work/registerfile.vhd
    Info (12022): Found design unit 1: registerFile-rtl
    Info (12023): Found entity 1: registerFile
Info (12021): Found 2 design units, including 1 entities, in source file work/onebit8to1mux.vhd
    Info (12022): Found design unit 1: oneBit8to1Mux-rtl
    Info (12023): Found entity 1: oneBit8to1Mux
Info (12021): Found 2 design units, including 1 entities, in source file work/onebit6to1mux.vhd
    Info (12022): Found design unit 1: oneBit6to1Mux-rtl
    Info (12023): Found entity 1: oneBit6to1Mux
Info (12021): Found 2 design units, including 1 entities, in source file work/onebit5to1mux.vhd
    Info (12022): Found design unit 1: oneBit5to1Mux-rtl
    Info (12023): Found entity 1: oneBit5to1Mux
Info (12021): Found 2 design units, including 1 entities, in source file work/onebit2to1mux.vhd
    Info (12022): Found design unit 1: oneBit2to1Mux-struct
    Info (12023): Found entity 1: oneBit2to1Mux
Info (12021): Found 2 design units, including 1 entities, in source file work/instrmem.vhd
    Info (12022): Found design unit 1: instrmem-SYN
    Info (12023): Found entity 1: instrMem
Info (12021): Found 2 design units, including 1 entities, in source file work/eightbitregister.vhd
    Info (12022): Found design unit 1: eightBitRegister-rtl
    Info (12023): Found entity 1: eightBitRegister
Info (12021): Found 2 design units, including 1 entities, in source file work/eightbitcomparator.vhd
    Info (12022): Found design unit 1: eightBitComparator-rtl
    Info (12023): Found entity 1: eightBitComparator
Info (12021): Found 2 design units, including 1 entities, in source file work/eightbitaddsub.vhd
    Info (12022): Found design unit 1: eightBitAddSub-rtl
    Info (12023): Found entity 1: eightBitAddSub
Info (12021): Found 2 design units, including 1 entities, in source file work/eightbitadder.vhd
    Info (12022): Found design unit 1: eightBitAdder-rtl
    Info (12023): Found entity 1: eightBitAdder
Info (12021): Found 2 design units, including 1 entities, in source file work/eightbit8to1mux.vhd
    Info (12022): Found design unit 1: eightBit8to1Mux-rtl
    Info (12023): Found entity 1: eightBit8to1Mux
Info (12021): Found 2 design units, including 1 entities, in source file work/eightbit6to1mux.vhd
    Info (12022): Found design unit 1: eightBit6to1Mux-rtl
    Info (12023): Found entity 1: eightBit6to1Mux
Info (12021): Found 2 design units, including 1 entities, in source file work/eightbit5to1mux.vhd
    Info (12022): Found design unit 1: eightBit5to1Mux-rtl
    Info (12023): Found entity 1: eightBit5to1Mux
Info (12021): Found 2 design units, including 1 entities, in source file work/eightbit2to1mux.vhd
    Info (12022): Found design unit 1: eightBit2to1Mux-struct
    Info (12023): Found entity 1: eightBit2to1Mux
Info (12021): Found 2 design units, including 1 entities, in source file work/datamem.vhd
    Info (12022): Found design unit 1: datamem-SYN
    Info (12023): Found entity 1: dataMem
Info (12021): Found 2 design units, including 1 entities, in source file work/controllogicunit.vhd
    Info (12022): Found design unit 1: controlLogicUnit-rtl
    Info (12023): Found entity 1: controlLogicUnit
Info (12021): Found 2 design units, including 1 entities, in source file work/aluctrlunit.vhd
    Info (12022): Found design unit 1: ALUCtrlUnit-struct
    Info (12023): Found entity 1: ALUCtrlUnit
Info (12021): Found 2 design units, including 1 entities, in source file work/alucontrolunit.vhd
    Info (12022): Found design unit 1: ALUControlUnit-rtl
    Info (12023): Found entity 1: ALUControlUnit
Info (12021): Found 2 design units, including 1 entities, in source file work/alu.vhd
    Info (12022): Found design unit 1: alu-rtl
    Info (12023): Found entity 1: alu
Info (12021): Found 2 design units, including 1 entities, in source file imports/threebitshiftregister.vhd
    Info (12022): Found design unit 1: threeBitShiftRegister-rtl
    Info (12023): Found entity 1: threeBitShiftRegister
Info (12021): Found 2 design units, including 1 entities, in source file imports/threebitregister.vhd
    Info (12022): Found design unit 1: threeBitRegister-rtl
    Info (12023): Found entity 1: threeBitRegister
Info (12021): Found 2 design units, including 1 entities, in source file imports/threebitcomparator.vhd
    Info (12022): Found design unit 1: threeBitComparator-rtl
    Info (12023): Found entity 1: threeBitComparator
Info (12021): Found 2 design units, including 1 entities, in source file imports/threebitadder.vhd
    Info (12022): Found design unit 1: threeBitAdder-rtl
    Info (12023): Found entity 1: threeBitAdder
Info (12021): Found 2 design units, including 1 entities, in source file imports/tff_2.vhd
    Info (12022): Found design unit 1: tFF_2-rtl
    Info (12023): Found entity 1: tFF_2
Info (12021): Found 2 design units, including 1 entities, in source file imports/srlatch.vhd
    Info (12022): Found design unit 1: srLatch-rtl
    Info (12023): Found entity 1: srLatch
Info (12021): Found 2 design units, including 1 entities, in source file imports/sbarrbarlatch.vhd
    Info (12022): Found design unit 1: sBarrBarLatch-rtl
    Info (12023): Found entity 1: sBarrBarLatch
Info (12021): Found 2 design units, including 1 entities, in source file imports/onebitcomparator.vhd
    Info (12022): Found design unit 1: oneBitComparator-rtl
    Info (12023): Found entity 1: oneBitComparator
Info (12021): Found 2 design units, including 1 entities, in source file imports/onebitadder.vhd
    Info (12022): Found design unit 1: oneBitAdder-rtl
    Info (12023): Found entity 1: oneBitAdder
Info (12021): Found 2 design units, including 1 entities, in source file imports/jkff_2.vhd
    Info (12022): Found design unit 1: jkFF_2-rtl
    Info (12023): Found entity 1: jkFF_2
Info (12021): Found 2 design units, including 1 entities, in source file imports/endff_2.vhd
    Info (12022): Found design unit 1: endFF_2-rtl
    Info (12023): Found entity 1: endFF_2
Info (12021): Found 2 design units, including 1 entities, in source file imports/enardff_2.vhd
    Info (12022): Found design unit 1: enARdFF_2-rtl
    Info (12023): Found entity 1: enARdFF_2
Info (12021): Found 2 design units, including 1 entities, in source file imports/enabledsrlatch.vhd
    Info (12022): Found design unit 1: enabledSRLatch-rtl
    Info (12023): Found entity 1: enabledSRLatch
Info (12021): Found 2 design units, including 1 entities, in source file imports/dff_2.vhd
    Info (12022): Found design unit 1: dFF_2-rtl
    Info (12023): Found entity 1: dFF_2
Info (12021): Found 2 design units, including 1 entities, in source file imports/counter.vhd
    Info (12022): Found design unit 1: counter-rtl
    Info (12023): Found entity 1: counter
Info (12127): Elaborating entity "alu" for the top level hierarchy
Warning (10036): Verilog HDL or VHDL warning at alu.vhd(45): object "sig_GT" assigned a value but never read
Warning (10036): Verilog HDL or VHDL warning at alu.vhd(45): object "sig_EQ" assigned a value but never read
Warning (10036): Verilog HDL or VHDL warning at alu.vhd(46): object "sig_CarryOut" assigned a value but never read
Info (12128): Elaborating entity "eightBitAddSub" for hierarchy "eightBitAddSub:addSub"
Info (12128): Elaborating entity "oneBitAdder" for hierarchy "eightBitAddSub:addSub|oneBitAdder:add7"
Info (12128): Elaborating entity "eightBitComparator" for hierarchy "eightBitComparator:comp"
Info (12128): Elaborating entity "oneBitComparator" for hierarchy "eightBitComparator:comp|oneBitComparator:comp7"
Info (12128): Elaborating entity "eightBit5to1Mux" for hierarchy "eightBit5to1Mux:mux"
Info (12128): Elaborating entity "oneBit5to1Mux" for hierarchy "eightBit5to1Mux:mux|oneBit5to1Mux:mux7"
Info (286030): Timing-Driven Synthesis is running
Info (16010): Generating hard_block partition "hard_block:auto_generated_inst"
    Info (16011): Adding 0 node(s), including 0 DDIO, 0 PLL, 0 transceiver and 0 LCELL
Info (21057): Implemented 83 device resources after synthesis - the final resource count might be different
    Info (21058): Implemented 19 input pins
    Info (21059): Implemented 9 output pins
    Info (21061): Implemented 55 logic cells
Info: Quartus II 64-Bit Analysis & Synthesis was successful. 0 errors, 4 warnings
    Info: Peak virtual memory: 4632 megabytes
    Info: Processing ended: Thu Jul 13 15:33:55 2023
    Info: Elapsed time: 00:00:03
    Info: Total CPU time (on all processors): 00:00:01


